<?xml version="1.0" encoding="UTF-8"?>
<Site BuildName="(empty)"
	BuildStamp="20240825-1301-Experimental"
	Name="nakarin-Nitro-AN515-55"
	Generator="ctest-3.22.1"
	CompilerName="/usr/bin/c++"
	CompilerVersion="11.4.0"
	OSName="Linux"
	Hostname="nakarin-Nitro-AN515-55"
	OSRelease="6.8.0-40-generic"
	OSVersion="#40~22.04.3-Ubuntu SMP PREEMPT_DYNAMIC Tue Jul 30 17:30:19 UTC 2"
	OSPlatform="x86_64"
	Is64Bits="1"
	VendorString="GenuineIntel"
	VendorID="Intel Corporation"
	FamilyID="6"
	ModelID="165"
	ProcessorCacheSize="8192"
	NumberOfLogicalCPU="8"
	NumberOfPhysicalCPU="4"
	TotalVirtualMemory="2047"
	TotalPhysicalMemory="23862"
	LogicalProcessorsPerPhysical="2"
	ProcessorClockFrequency="3200.01"
	>
	<Testing>
		<StartDateTime>Aug 25 20:10 +07</StartDateTime>
		<StartTestTime>1724591442</StartTestTime>
		<TestList/>
		<EndDateTime>Aug 25 20:10 +07</EndDateTime>
		<EndTestTime>1724591442</EndTestTime>
		<ElapsedMinutes>0</ElapsedMinutes>
	</Testing>
</Site>
